<?xml version="1.0" encoding="UTF-8"?>
<Site BuildName="Linux-clang++"
	BuildStamp="20260330-0640-Experimental"
	Name="rasmus-pc"
	Generator="ctest-3.31.11"
	CompilerName="/usr/bin/clang++"
	CompilerVersion="21.1.8"
	OSName="Linux"
	Hostname="rasmus-pc"
	OSRelease="6.19.9-200.fc43.x86_64"
	OSVersion="#1 SMP PREEMPT_DYNAMIC Thu Mar 19 21:34:56 UTC 2026"
	OSPlatform="x86_64"
	Is64Bits="1"
	VendorString="AuthenticAMD"
	VendorID="Advanced Micro Devices"
	FamilyID="25"
	ModelID="80"
	ModelName="AMD Ryzen 7 5800H with Radeon Graphics"
	ProcessorCacheSize="512"
	NumberOfLogicalCPU="16"
	NumberOfPhysicalCPU="8"
	TotalVirtualMemory="8191"
	TotalPhysicalMemory="15374"
	LogicalProcessorsPerPhysical="2"
	ProcessorClockFrequency="1397.16"
	>
	<Testing>
		<StartDateTime>Mar 30 18:20 CEST</StartDateTime>
		<StartTestTime>1774887630</StartTestTime>
		<TestList/>
		<EndDateTime>Mar 30 18:20 CEST</EndDateTime>
		<EndTestTime>1774887630</EndTestTime>
		<ElapsedMinutes>0</ElapsedMinutes>
	</Testing>
</Site>
