<?xml version="1.0" encoding="UTF-8"?>
<Site BuildName="Linux-c++"
	BuildStamp="20260328-1347-Experimental"
	Name="rasmus-pc"
	Generator="ctest-3.31.11"
	CompilerName="/usr/bin/c++"
	CompilerVersion="15.2.1"
	OSName="Linux"
	Hostname="rasmus-pc"
	OSRelease="6.18.16-200.fc43.x86_64"
	OSVersion="#1 SMP PREEMPT_DYNAMIC Wed Mar  4 19:13:32 UTC 2026"
	OSPlatform="x86_64"
	Is64Bits="1"
	VendorString="AuthenticAMD"
	VendorID="Advanced Micro Devices"
	FamilyID="25"
	ModelID="80"
	ModelName="AMD Ryzen 7 5800H with Radeon Graphics"
	ProcessorCacheSize="512"
	NumberOfLogicalCPU="16"
	NumberOfPhysicalCPU="8"
	TotalVirtualMemory="8191"
	TotalPhysicalMemory="15375"
	LogicalProcessorsPerPhysical="2"
	ProcessorClockFrequency="1397.36"
	>
	<Testing>
		<StartDateTime>Mar 28 14:49 CET</StartDateTime>
		<StartTestTime>1774705749</StartTestTime>
		<TestList/>
		<EndDateTime>Mar 28 14:49 CET</EndDateTime>
		<EndTestTime>1774705749</EndTestTime>
		<ElapsedMinutes>0</ElapsedMinutes>
	</Testing>
</Site>
